<?xml version="1.0" encoding="UTF-8"?>
<!-- Generated by org.testng.reporters.JUnitReportReporter -->
<testsuite skipped="0" hostname="LAPTOP-OUROT4H1" name="executionEngine.DriverScriptTest" tests="2" failures="0" timestamp="19 Sep 2017 03:15:23 GMT" time="24.825" errors="0">
  <testcase name="Initialize" time="24.823" classname="executionEngine.DriverScriptTest"/>
  <testcase name="execute_Actions" time="0.002" classname="executionEngine.DriverScriptTest"/>
</testsuite> <!-- executionEngine.DriverScriptTest -->
